#
# A fatal error has been detected by the Java Runtime Environment:
#
#  SIGSEGV (0xb) at pc=0x00007f5263d46532, pid=1, tid=0x00007f5264b18700
#
# JRE version: OpenJDK Runtime Environment (8.0_121-b13) (build 1.8.0_121-8u121-b13-1~bpo8+1-b13)
# Java VM: OpenJDK 64-Bit Server VM (25.121-b13 mixed mode linux-amd64 compressed oops)
# Problematic frame:
# C  [libc.so.6+0x36532]  abort+0x232
#
# Core dump written. Default location: /app/core or core.1
#
# If you would like to submit a bug report, please visit:
#   http://bugreport.java.com/bugreport/crash.jsp
# The crash happened outside the Java Virtual Machine in native code.
# See problematic frame for where to report the bug.
#

---------------  T H R E A D  ---------------

Current thread (0x00007f525c00a000):  JavaThread "main" [_thread_in_native, id=23, stack(0x00007f5264a18000,0x00007f5264b19000)]

siginfo: si_signo: 11 (SIGSEGV), si_code: 128 (SI_KERNEL), si_addr: 0x0000000000000000

Registers:
RAX=0x0000000000000006, RBX=0x00007f5249501d58, RCX=0x00007f5263d45067, RDX=0x0000000000000006
RSP=0x00007f5264b12d30, RBP=0x00007f5264b12fa0, RSI=0x0000000000000017, RDI=0x0000000000000001
R8 =0x0000000000000000, R9 =0x00007f5264b12c80, R10=0x0000000000000008, R11=0x0000000000000202
R12=0x00007fff535f84f8, R13=0x00007fff535f8558, R14=0x00007f5249501d60, R15=0x0000000000000000
RIP=0x00007f5263d46532, EFLAGS=0x0000000000010246, CSGSFS=0x002b000000000033, ERR=0x0000000000000000
  TRAPNO=0x000000000000000d

Top of Stack: (sp=0x00007f5264b12d30)
0x00007f5264b12d30:   0000000000000020 0000000000000000
0x00007f5264b12d40:   0000000000000000 0000000000000000
0x00007f5264b12d50:   0000000000000000 0000000000000000
0x00007f5264b12d60:   0000000000000000 0000000000000000
0x00007f5264b12d70:   0000000000000000 0000000000000000
0x00007f5264b12d80:   0000000000000000 0000000000000000
0x00007f5264b12d90:   0000000000000000 0000000000000000
0x00007f5264b12da0:   0000000000000000 0000000000000000
0x00007f5264b12db0:   0000000000000000 ffffffffffffffff
0x00007f5264b12dc0:   ffffffffffffffff ffffffffffffffff
0x00007f5264b12dd0:   ffffffffffffffff ffffffffffffffff
0x00007f5264b12de0:   ffffffffffffffff ffffffffffffffff
0x00007f5264b12df0:   ffffffffffffffff ffffffffffffffff
0x00007f5264b12e00:   ffffffffffffffff ffffffffffffffff
0x00007f5264b12e10:   ffffffffffffffff ffffffffffffffff
0x00007f5264b12e20:   ffffffffffffffff ffffffffffffffff
0x00007f5264b12e30:   ffffffffffffffff 0000000000000000
0x00007f5264b12e40:   0000000000000000 00007f525c8c69b0
0x00007f5264b12e50:   0000000000000008 00007f52492ef5af
0x00007f5264b12e60:   000000003ffffff8 000000003ffffff8
0x00007f5264b12e70:   00007f5249501d90 00007f52649125b5
0x00007f5264b12e80:   00554e4700000001 0000000001e254f0
0x00007f5264b12e90:   00007f5264b12e50 00000000e0a24183
0x00007f5264b12ea0:   00007f5249501d80 00007f52492eb000
0x00007f5264b12eb0:   00007f52492ee5f0 00007f525c8c69b0
0x00007f5264b12ec0:   0000000000000006 00007f5264910cca
0x00007f5264b12ed0:   00007f525c8c69b0 00007f52649110a5
0x00007f5264b12ee0:   0000000000000001 0000000000000000
0x00007f5264b12ef0:   000000770000006e 0000000000000000
0x00007f5264b12f00:   00007f5264b12f80 00007f5264b12f88
0x00007f5264b12f10:   00007f5264b12f98 0000000000000000
0x00007f5264b12f20:   00007f5264b12ff8 0000000000000000 

Instructions: (pc=0x00007f5263d46532)
0x00007f5263d46512:   00 00 c7 05 02 07 37 00 06 00 00 00 e8 0d eb ff
0x00007f5263d46522:   ff 8b 05 f7 06 37 00 83 f8 06 0f 85 5f fe ff ff
0x00007f5263d46532:   f4 bf 7f 00 00 00 c7 05 de 06 37 00 08 00 00 00
0x00007f5263d46542:   e8 69 3d 08 00 48 8d 3d c2 06 37 00 48 81 ec 80 

Register to memory mapping:

RAX=0x0000000000000006 is an unknown value
RBX=0x00007f5249501d58: <offset 0x216d58> in /usr/lib/jvm/java-8-openjdk-amd64/jre/lib/amd64/libnet.so at 0x00007f52492eb000
RCX=0x00007f5263d45067: gsignal+0x37 in /lib/x86_64-linux-gnu/libc.so.6 at 0x00007f5263d10000
RDX=0x0000000000000006 is an unknown value
RSP=0x00007f5264b12d30 is pointing into the stack for thread: 0x00007f525c00a000
RBP=0x00007f5264b12fa0 is pointing into the stack for thread: 0x00007f525c00a000
RSI=0x0000000000000017 is an unknown value
RDI=0x0000000000000001 is an unknown value
R8 =0x0000000000000000 is an unknown value
R9 =0x00007f5264b12c80 is pointing into the stack for thread: 0x00007f525c00a000
R10=0x0000000000000008 is an unknown value
R11=0x0000000000000202 is an unknown value
R12=0x00007fff535f84f8 is an unknown value
R13=0x00007fff535f8558 is an unknown value
R14=0x00007f5249501d60: <offset 0x216d60> in /usr/lib/jvm/java-8-openjdk-amd64/jre/lib/amd64/libnet.so at 0x00007f52492eb000
R15=0x0000000000000000 is an unknown value


Stack: [0x00007f5264a18000,0x00007f5264b19000],  sp=0x00007f5264b12d30,  free space=1003k
Native frames: (J=compiled Java code, j=interpreted, Vv=VM code, C=native code)
C  [libc.so.6+0x36532]  abort+0x232
C  [ld-linux-x86-64.so.2+0xe9ba]

Java frames: (J=compiled Java code, j=interpreted, Vv=VM code)
j  java.lang.ClassLoader$NativeLibrary.load(Ljava/lang/String;Z)V+0
j  java.lang.ClassLoader.loadLibrary0(Ljava/lang/Class;Ljava/io/File;)Z+328
j  java.lang.ClassLoader.loadLibrary(Ljava/lang/Class;Ljava/lang/String;Z)V+217
j  java.lang.Runtime.loadLibrary0(Ljava/lang/Class;Ljava/lang/String;)V+54
j  java.lang.System.loadLibrary(Ljava/lang/String;)V+7
j  sun.nio.ch.IOUtil$1.run()Ljava/lang/Void;+2
j  sun.nio.ch.IOUtil$1.run()Ljava/lang/Object;+1
v  ~StubRoutines::call_stub
J 737  java.security.AccessController.doPrivileged(Ljava/security/PrivilegedAction;)Ljava/lang/Object; (0 bytes) @ 0x00007f524d2be40f [0x00007f524d2be3c0+0x4f]
j  sun.nio.ch.IOUtil.<clinit>()V+23
v  ~StubRoutines::call_stub
j  sun.nio.ch.FileChannelImpl.<clinit>()V+28
v  ~StubRoutines::call_stub
j  java.io.RandomAccessFile.getChannel()Ljava/nio/channels/FileChannel;+26
j  org.eclipse.aether.connector.basic.PartialFile$LockFile.tryLock(Ljava/io/File;)Ljava/nio/channels/FileLock;+12
j  org.eclipse.aether.connector.basic.PartialFile$LockFile.lock(Ljava/io/File;Ljava/io/File;ILorg/eclipse/aether/connector/basic/PartialFile$RemoteAccessChecker;Lorg/eclipse/aether/spi/log/Logger;[Z)Ljava/nio/channels/FileLock;+12
j  org.eclipse.aether.connector.basic.PartialFile$LockFile.<init>(Ljava/io/File;ILorg/eclipse/aether/connector/basic/PartialFile$RemoteAccessChecker;Lorg/eclipse/aether/spi/log/Logger;)V+58
j  org.eclipse.aether.connector.basic.PartialFile$Factory.newInstance(Ljava/io/File;Lorg/eclipse/aether/connector/basic/PartialFile$RemoteAccessChecker;)Lorg/eclipse/aether/connector/basic/PartialFile;+56
j  org.eclipse.aether.connector.basic.BasicRepositoryConnector$GetTaskRunner.runTask()V+49
j  org.eclipse.aether.connector.basic.BasicRepositoryConnector$TaskRunner.run()V+8
j  org.eclipse.aether.util.concurrency.RunnableErrorForwarder$1.run()V+4
j  org.eclipse.aether.connector.basic.BasicRepositoryConnector$DirectExecutor.execute(Ljava/lang/Runnable;)V+1
j  org.eclipse.aether.connector.basic.BasicRepositoryConnector.get(Ljava/util/Collection;Ljava/util/Collection;)V+402
j  org.eclipse.aether.internal.impl.DefaultArtifactResolver.performDownloads(Lorg/eclipse/aether/RepositorySystemSession;Lorg/eclipse/aether/internal/impl/DefaultArtifactResolver$ResolutionGroup;)V+89
j  org.eclipse.aether.internal.impl.DefaultArtifactResolver.resolve(Lorg/eclipse/aether/RepositorySystemSession;Ljava/util/Collection;)Ljava/util/List;+925
j  org.eclipse.aether.internal.impl.DefaultArtifactResolver.resolveArtifacts(Lorg/eclipse/aether/RepositorySystemSession;Ljava/util/Collection;)Ljava/util/List;+104
j  org.eclipse.aether.internal.impl.DefaultArtifactResolver.resolveArtifact(Lorg/eclipse/aether/RepositorySystemSession;Lorg/eclipse/aether/resolution/ArtifactRequest;)Lorg/eclipse/aether/resolution/ArtifactResult;+6
j  org.apache.maven.repository.internal.DefaultArtifactDescriptorReader.loadPom(Lorg/eclipse/aether/RepositorySystemSession;Lorg/eclipse/aether/resolution/ArtifactDescriptorRequest;Lorg/eclipse/aether/resolution/ArtifactDescriptorResult;)Lorg/apache/maven/model/Model;+328
j  org.apache.maven.repository.internal.DefaultArtifactDescriptorReader.readArtifactDescriptor(Lorg/eclipse/aether/RepositorySystemSession;Lorg/eclipse/aether/resolution/ArtifactDescriptorRequest;)Lorg/eclipse/aether/resolution/ArtifactDescriptorResult;+13
j  org.eclipse.aether.internal.impl.DefaultRepositorySystem.readArtifactDescriptor(Lorg/eclipse/aether/RepositorySystemSession;Lorg/eclipse/aether/resolution/ArtifactDescriptorRequest;)Lorg/eclipse/aether/resolution/ArtifactDescriptorResult;+11
j  org.apache.maven.plugin.internal.DefaultPluginDependenciesResolver.resolve(Lorg/apache/maven/model/Plugin;Ljava/util/List;Lorg/eclipse/aether/RepositorySystemSession;)Lorg/eclipse/aether/artifact/Artifact;+70
j  org.apache.maven.plugin.internal.DefaultMavenPluginManager.getPluginDescriptor(Lorg/apache/maven/model/Plugin;Ljava/util/List;Lorg/eclipse/aether/RepositorySystemSession;)Lorg/apache/maven/plugin/descriptor/PluginDescriptor;+39
j  org.apache.maven.plugin.internal.DefaultMavenPluginManager.getMojoDescriptor(Lorg/apache/maven/model/Plugin;Ljava/lang/String;Ljava/util/List;Lorg/eclipse/aether/RepositorySystemSession;)Lorg/apache/maven/plugin/descriptor/MojoDescriptor;+5
j  org.apache.maven.plugin.DefaultBuildPluginManager.getMojoDescriptor(Lorg/apache/maven/model/Plugin;Ljava/lang/String;Ljava/util/List;Lorg/eclipse/aether/RepositorySystemSession;)Lorg/apache/maven/plugin/descriptor/MojoDescriptor;+9
j  org.apache.maven.lifecycle.internal.DefaultLifecycleExecutionPlanCalculator.setupMojoExecution(Lorg/apache/maven/execution/MavenSession;Lorg/apache/maven/project/MavenProject;Lorg/apache/maven/plugin/MojoExecution;)V+31
j  org.apache.maven.lifecycle.internal.DefaultLifecycleExecutionPlanCalculator.setupMojoExecutions(Lorg/apache/maven/execution/MavenSession;Lorg/apache/maven/project/MavenProject;Ljava/util/List;)V+35
j  org.apache.maven.lifecycle.internal.DefaultLifecycleExecutionPlanCalculator.calculateExecutionPlan(Lorg/apache/maven/execution/MavenSession;Lorg/apache/maven/project/MavenProject;Ljava/util/List;Z)Lorg/apache/maven/lifecycle/MavenExecutionPlan;+28
j  org.apache.maven.lifecycle.internal.DefaultLifecycleExecutionPlanCalculator.calculateExecutionPlan(Lorg/apache/maven/execution/MavenSession;Lorg/apache/maven/project/MavenProject;Ljava/util/List;)Lorg/apache/maven/lifecycle/MavenExecutionPlan;+5
j  org.apache.maven.lifecycle.internal.builder.BuilderCommon.resolveBuildPlan(Lorg/apache/maven/execution/MavenSession;Lorg/apache/maven/project/MavenProject;Lorg/apache/maven/lifecycle/internal/TaskSegment;Ljava/util/Set;)Lorg/apache/maven/lifecycle/MavenExecutionPlan;+10
j  org.apache.maven.lifecycle.internal.LifecycleModuleBuilder.buildProject(Lorg/apache/maven/execution/MavenSession;Lorg/apache/maven/execution/MavenSession;Lorg/apache/maven/lifecycle/internal/ReactorContext;Lorg/apache/maven/project/MavenProject;Lorg/apache/maven/lifecycle/internal/TaskSegment;)V+136
j  org.apache.maven.lifecycle.internal.LifecycleModuleBuilder.buildProject(Lorg/apache/maven/execution/MavenSession;Lorg/apache/maven/lifecycle/internal/ReactorContext;Lorg/apache/maven/project/MavenProject;Lorg/apache/maven/lifecycle/internal/TaskSegment;)V+7
j  org.apache.maven.lifecycle.internal.builder.singlethreaded.SingleThreadedBuilder.build(Lorg/apache/maven/execution/MavenSession;Lorg/apache/maven/lifecycle/internal/ReactorContext;Lorg/apache/maven/lifecycle/internal/ProjectBuildList;Ljava/util/List;Lorg/apache/maven/lifecycle/internal/ReactorBuildStatus;)V+77
j  org.apache.maven.lifecycle.internal.LifecycleStarter.execute(Lorg/apache/maven/execution/MavenSession;)V+353
j  org.apache.maven.DefaultMaven.doExecute(Lorg/apache/maven/execution/MavenExecutionRequest;Lorg/apache/maven/execution/MavenSession;Lorg/apache/maven/execution/MavenExecutionResult;Lorg/eclipse/aether/DefaultRepositorySystemSession;)Lorg/apache/maven/execution/MavenExecutionResult;+414
j  org.apache.maven.DefaultMaven.doExecute(Lorg/apache/maven/execution/MavenExecutionRequest;)Lorg/apache/maven/execution/MavenExecutionResult;+99
j  org.apache.maven.DefaultMaven.execute(Lorg/apache/maven/execution/MavenExecutionRequest;)Lorg/apache/maven/execution/MavenExecutionResult;+2
j  org.apache.maven.cli.MavenCli.execute(Lorg/apache/maven/cli/CliRequest;)I+27
j  org.apache.maven.cli.MavenCli.doMain(Lorg/apache/maven/cli/CliRequest;)I+66
j  org.apache.maven.cli.MavenCli.main([Ljava/lang/String;Lorg/codehaus/plexus/classworlds/ClassWorld;)I+18
v  ~StubRoutines::call_stub
j  sun.reflect.NativeMethodAccessorImpl.invoke0(Ljava/lang/reflect/Method;Ljava/lang/Object;[Ljava/lang/Object;)Ljava/lang/Object;+0
j  sun.reflect.NativeMethodAccessorImpl.invoke(Ljava/lang/Object;[Ljava/lang/Object;)Ljava/lang/Object;+100
j  sun.reflect.DelegatingMethodAccessorImpl.invoke(Ljava/lang/Object;[Ljava/lang/Object;)Ljava/lang/Object;+6
j  java.lang.reflect.Method.invoke(Ljava/lang/Object;[Ljava/lang/Object;)Ljava/lang/Object;+56
j  org.codehaus.plexus.classworlds.launcher.Launcher.launchEnhanced([Ljava/lang/String;)V+45
j  org.codehaus.plexus.classworlds.launcher.Launcher.launch([Ljava/lang/String;)V+2
j  org.codehaus.plexus.classworlds.launcher.Launcher.mainWithExitCode([Ljava/lang/String;)I+101
j  org.codehaus.plexus.classworlds.launcher.Launcher.main([Ljava/lang/String;)V+1
v  ~StubRoutines::call_stub

---------------  P R O C E S S  ---------------

Java Threads: ( => current thread )
  0x00007f525c0b0000 JavaThread "Service Thread" daemon [_thread_blocked, id=32, stack(0x00007f524a1f8000,0x00007f524a2f9000)]
  0x00007f525c0ad000 JavaThread "C1 CompilerThread1" daemon [_thread_blocked, id=31, stack(0x00007f524a2f9000,0x00007f524a3fa000)]
  0x00007f525c0aa000 JavaThread "C2 CompilerThread0" daemon [_thread_blocked, id=30, stack(0x00007f524a3fa000,0x00007f524a4fb000)]
  0x00007f525c0a8000 JavaThread "Signal Dispatcher" daemon [_thread_blocked, id=29, stack(0x00007f524a4fb000,0x00007f524a5fc000)]
  0x00007f525c07f800 JavaThread "Finalizer" daemon [_thread_blocked, id=28, stack(0x00007f524a791000,0x00007f524a892000)]
  0x00007f525c07b000 JavaThread "Reference Handler" daemon [_thread_blocked, id=27, stack(0x00007f524a892000,0x00007f524a993000)]
=>0x00007f525c00a000 JavaThread "main" [_thread_in_native, id=23, stack(0x00007f5264a18000,0x00007f5264b19000)]

Other Threads:
  0x00007f525c073800 VMThread [stack: 0x00007f524a993000,0x00007f524aa94000] [id=26]
  0x00007f525c0bf000 WatcherThread [stack: 0x00007f524a0f7000,0x00007f524a1f8000] [id=33]

VM state:not at safepoint (normal execution)

VM Mutex/Monitor currently owned by a thread: None

Heap:
 PSYoungGen      total 61440K, used 14068K [0x00000000ed580000, 0x00000000f1380000, 0x0000000100000000)
  eden space 59392K, 20% used [0x00000000ed580000,0x00000000ee1411f8,0x00000000f0f80000)
  from space 2048K, 99% used [0x00000000f1180000,0x00000000f137c030,0x00000000f1380000)
  to   space 2048K, 0% used [0x00000000f0f80000,0x00000000f0f80000,0x00000000f1180000)
 ParOldGen       total 38400K, used 10686K [0x00000000c8000000, 0x00000000ca580000, 0x00000000ed580000)
  object space 38400K, 27% used [0x00000000c8000000,0x00000000c8a6fa68,0x00000000ca580000)
 Metaspace       used 16702K, capacity 16992K, committed 17280K, reserved 1064960K
  class space    used 2020K, capacity 2146K, committed 2176K, reserved 1048576K

Card table byte_map: [0x00007f5260f4d000,0x00007f526110e000] byte_map_base: 0x00007f526090d000

Marking Bits: (ParMarkBitMap*) 0x00007f5263cf3340
 Begin Bits: [0x00007f524b400000, 0x00007f524c200000)
 End Bits:   [0x00007f524c200000, 0x00007f524d000000)

Polling page: 0x00007f5264b23000

CodeCache: size=245760Kb used=5569Kb max_used=5571Kb free=240190Kb
 bounds [0x00007f524d000000, 0x00007f524d580000, 0x00007f525c000000]
 total_blobs=2094 nmethods=1749 adapters=259
 compilation: enabled

Compilation events (10 events):
Event: 1.888 Thread 0x00007f525c0ad000 nmethod 1747 0x00007f524d565c50 code [0x00007f524d565e60, 0x00007f524d5669b8]
Event: 1.888 Thread 0x00007f525c0ad000 1745       3       java.util.HashMap::remove (26 bytes)
Event: 1.888 Thread 0x00007f525c0ad000 nmethod 1745 0x00007f524d56e390 code [0x00007f524d56e520, 0x00007f524d56e938]
Event: 1.889 Thread 0x00007f525c0ad000 1748   !   3       sun.misc.URLClassPath$JarLoader::getResource (85 bytes)
Event: 1.889 Thread 0x00007f525c0ad000 nmethod 1748 0x00007f524d56d150 code [0x00007f524d56d380, 0x00007f524d56de18]
Event: 1.891 Thread 0x00007f525c0aa000 nmethod 1744 0x00007f524d574210 code [0x00007f524d5743a0, 0x00007f524d574618]
Event: 1.893 Thread 0x00007f525c0ad000 1749   !   3       java.util.logging.LogManager::ensureLogManagerInitialized (128 bytes)
Event: 1.894 Thread 0x00007f525c0ad000 nmethod 1749 0x00007f524d5737d0 code [0x00007f524d573980, 0x00007f524d574008]
Event: 1.904 Thread 0x00007f525c0ad000 1750       3       java.net.URI$Parser::at (20 bytes)
Event: 1.904 Thread 0x00007f525c0ad000 nmethod 1750 0x00007f524d572ed0 code [0x00007f524d573060, 0x00007f524d573508]

GC Heap History (8 events):
Event: 0.395 GC heap before
{Heap before GC invocations=1 (full 0):
 PSYoungGen      total 16896K, used 14848K [0x00000000ed580000, 0x00000000ee800000, 0x0000000100000000)
  eden space 14848K, 100% used [0x00000000ed580000,0x00000000ee400000,0x00000000ee400000)
  from space 2048K, 0% used [0x00000000ee600000,0x00000000ee600000,0x00000000ee800000)
  to   space 2048K, 0% used [0x00000000ee400000,0x00000000ee400000,0x00000000ee600000)
 ParOldGen       total 38400K, used 0K [0x00000000c8000000, 0x00000000ca580000, 0x00000000ed580000)
  object space 38400K, 0% used [0x00000000c8000000,0x00000000c8000000,0x00000000ca580000)
 Metaspace       used 6590K, capacity 6748K, committed 7040K, reserved 1056768K
  class space    used 760K, capacity 824K, committed 896K, reserved 1048576K
Event: 0.400 GC heap after
Heap after GC invocations=1 (full 0):
 PSYoungGen      total 16896K, used 2034K [0x00000000ed580000, 0x00000000ef680000, 0x0000000100000000)
  eden space 14848K, 0% used [0x00000000ed580000,0x00000000ed580000,0x00000000ee400000)
  from space 2048K, 99% used [0x00000000ee400000,0x00000000ee5fc8e8,0x00000000ee600000)
  to   space 2048K, 0% used [0x00000000ef480000,0x00000000ef480000,0x00000000ef680000)
 ParOldGen       total 38400K, used 1149K [0x00000000c8000000, 0x00000000ca580000, 0x00000000ed580000)
  object space 38400K, 2% used [0x00000000c8000000,0x00000000c811f7d0,0x00000000ca580000)
 Metaspace       used 6590K, capacity 6748K, committed 7040K, reserved 1056768K
  class space    used 760K, capacity 824K, committed 896K, reserved 1048576K
}
Event: 0.577 GC heap before
{Heap before GC invocations=2 (full 0):
 PSYoungGen      total 16896K, used 16882K [0x00000000ed580000, 0x00000000ef680000, 0x0000000100000000)
  eden space 14848K, 100% used [0x00000000ed580000,0x00000000ee400000,0x00000000ee400000)
  from space 2048K, 99% used [0x00000000ee400000,0x00000000ee5fc8e8,0x00000000ee600000)
  to   space 2048K, 0% used [0x00000000ef480000,0x00000000ef480000,0x00000000ef680000)
 ParOldGen       total 38400K, used 1149K [0x00000000c8000000, 0x00000000ca580000, 0x00000000ed580000)
  object space 38400K, 2% used [0x00000000c8000000,0x00000000c811f7d0,0x00000000ca580000)
 Metaspace       used 7703K, capacity 7804K, committed 7936K, reserved 1056768K
  class space    used 941K, capacity 984K, committed 1024K, reserved 1048576K
Event: 0.582 GC heap after
Heap after GC invocations=2 (full 0):
 PSYoungGen      total 31744K, used 2032K [0x00000000ed580000, 0x00000000ef680000, 0x0000000100000000)
  eden space 29696K, 0% used [0x00000000ed580000,0x00000000ed580000,0x00000000ef280000)
  from space 2048K, 99% used [0x00000000ef480000,0x00000000ef67c010,0x00000000ef680000)
  to   space 2048K, 0% used [0x00000000ef280000,0x00000000ef280000,0x00000000ef480000)
 ParOldGen       total 38400K, used 1604K [0x00000000c8000000, 0x00000000ca580000, 0x00000000ed580000)
  object space 38400K, 4% used [0x00000000c8000000,0x00000000c8191338,0x00000000ca580000)
 Metaspace       used 7703K, capacity 7804K, committed 7936K, reserved 1056768K
  class space    used 941K, capacity 984K, committed 1024K, reserved 1048576K
}
Event: 1.021 GC heap before
{Heap before GC invocations=3 (full 0):
 PSYoungGen      total 31744K, used 31728K [0x00000000ed580000, 0x00000000ef680000, 0x0000000100000000)
  eden space 29696K, 100% used [0x00000000ed580000,0x00000000ef280000,0x00000000ef280000)
  from space 2048K, 99% used [0x00000000ef480000,0x00000000ef67c010,0x00000000ef680000)
  to   space 2048K, 0% used [0x00000000ef280000,0x00000000ef280000,0x00000000ef480000)
 ParOldGen       total 38400K, used 1604K [0x00000000c8000000, 0x00000000ca580000, 0x00000000ed580000)
  object space 38400K, 4% used [0x00000000c8000000,0x00000000c8191338,0x00000000ca580000)
 Metaspace       used 10989K, capacity 11170K, committed 11264K, reserved 1058816K
  class space    used 1347K, capacity 1443K, committed 1536K, reserved 1048576K
Event: 1.053 GC heap after
Heap after GC invocations=3 (full 0):
 PSYoungGen      total 31744K, used 2048K [0x00000000ed580000, 0x00000000f1380000, 0x0000000100000000)
  eden space 29696K, 0% used [0x00000000ed580000,0x00000000ed580000,0x00000000ef280000)
  from space 2048K, 100% used [0x00000000ef280000,0x00000000ef480000,0x00000000ef480000)
  to   space 2048K, 0% used [0x00000000f1180000,0x00000000f1180000,0x00000000f1380000)
 ParOldGen       total 38400K, used 5679K [0x00000000c8000000, 0x00000000ca580000, 0x00000000ed580000)
  object space 38400K, 14% used [0x00000000c8000000,0x00000000c858bff8,0x00000000ca580000)
 Metaspace       used 10989K, capacity 11170K, committed 11264K, reserved 1058816K
  class space    used 1347K, capacity 1443K, committed 1536K, reserved 1048576K
}
Event: 1.792 GC heap before
{Heap before GC invocations=4 (full 0):
 PSYoungGen      total 31744K, used 31744K [0x00000000ed580000, 0x00000000f1380000, 0x0000000100000000)
  eden space 29696K, 100% used [0x00000000ed580000,0x00000000ef280000,0x00000000ef280000)
  from space 2048K, 100% used [0x00000000ef280000,0x00000000ef480000,0x00000000ef480000)
  to   space 2048K, 0% used [0x00000000f1180000,0x00000000f1180000,0x00000000f1380000)
 ParOldGen       total 38400K, used 5679K [0x00000000c8000000, 0x00000000ca580000, 0x00000000ed580000)
  object space 38400K, 14% used [0x00000000c8000000,0x00000000c858bff8,0x00000000ca580000)
 Metaspace       used 15834K, capacity 16072K, committed 16384K, reserved 1062912K
  class space    used 1900K, capacity 2014K, committed 2048K, reserved 1048576K
Event: 1.805 GC heap after
Heap after GC invocations=4 (full 0):
 PSYoungGen      total 61440K, used 2032K [0x00000000ed580000, 0x00000000f1380000, 0x0000000100000000)
  eden space 59392K, 0% used [0x00000000ed580000,0x00000000ed580000,0x00000000f0f80000)
  from space 2048K, 99% used [0x00000000f1180000,0x00000000f137c030,0x00000000f1380000)
  to   space 2048K, 0% used [0x00000000f0f80000,0x00000000f0f80000,0x00000000f1180000)
 ParOldGen       total 38400K, used 10686K [0x00000000c8000000, 0x00000000ca580000, 0x00000000ed580000)
  object space 38400K, 27% used [0x00000000c8000000,0x00000000c8a6fa68,0x00000000ca580000)
 Metaspace       used 15834K, capacity 16072K, committed 16384K, reserved 1062912K
  class space    used 1900K, capacity 2014K, committed 2048K, reserved 1048576K
}

Deoptimization events (6 events):
Event: 0.480 Thread 0x00007f525c00a000 Uncommon trap: reason=unstable_if action=reinterpret pc=0x00007f524d18ab48 method=org.codehaus.plexus.util.xml.pull.MXParser.more()C @ 8
Event: 0.599 Thread 0x00007f525c00a000 Uncommon trap: reason=range_check action=make_not_entrant pc=0x00007f524d229300 method=sun.reflect.generics.parser.SignatureParser.current()C @ 34
Event: 1.276 Thread 0x00007f525c00a000 Uncommon trap: reason=unstable_if action=reinterpret pc=0x00007f524d344fa0 method=java.util.concurrent.ConcurrentHashMap.putVal(Ljava/lang/Object;Ljava/lang/Object;Z)Ljava/lang/Object; @ 206
Event: 1.657 Thread 0x00007f525c00a000 Uncommon trap: reason=unstable_if action=reinterpret pc=0x00007f524d1ea274 method=sun.misc.URLClassPath$JarLoader.getResource(Ljava/lang/String;Z)Lsun/misc/Resource; @ 15
Event: 1.705 Thread 0x00007f525c00a000 Uncommon trap: reason=unstable_if action=reinterpret pc=0x00007f524d2d9c08 method=java.util.HashMap.putVal(ILjava/lang/Object;Ljava/lang/Object;ZZ)Ljava/lang/Object; @ 236
Event: 1.827 Thread 0x00007f525c00a000 Uncommon trap: reason=unstable_if action=reinterpret pc=0x00007f524d165160 method=java.lang.CharacterData.of(I)Ljava/lang/CharacterData; @ 4

Internal exceptions (10 events):
Event: 1.596 Thread 0x00007f525c00a000 Exception <a 'java/lang/NullPointerException'> (0x00000000eeae6658) thrown at [/tmp/buildd/openjdk-8-8u121-b13/src/hotspot/src/share/vm/interpreter/linkResolver.cpp, line 1178]
Event: 1.596 Thread 0x00007f525c00a000 Exception <a 'java/lang/NullPointerException'> (0x00000000eeae6a58) thrown at [/tmp/buildd/openjdk-8-8u121-b13/src/hotspot/src/share/vm/interpreter/linkResolver.cpp, line 1178]
Event: 1.600 Thread 0x00007f525c00a000 Exception <a 'java/lang/NullPointerException'> (0x00000000eeb34878) thrown at [/tmp/buildd/openjdk-8-8u121-b13/src/hotspot/src/share/vm/interpreter/linkResolver.cpp, line 1178]
Event: 1.600 Thread 0x00007f525c00a000 Exception <a 'java/lang/NullPointerException'> (0x00000000eeb34c78) thrown at [/tmp/buildd/openjdk-8-8u121-b13/src/hotspot/src/share/vm/interpreter/linkResolver.cpp, line 1178]
Event: 1.600 Thread 0x00007f525c00a000 Exception <a 'java/lang/NullPointerException'> (0x00000000eeb35078) thrown at [/tmp/buildd/openjdk-8-8u121-b13/src/hotspot/src/share/vm/interpreter/linkResolver.cpp, line 1178]
Event: 1.605 Thread 0x00007f525c00a000 Exception <a 'java/lang/NullPointerException'> (0x00000000eeb5c428) thrown at [/tmp/buildd/openjdk-8-8u121-b13/src/hotspot/src/share/vm/interpreter/linkResolver.cpp, line 1178]
Event: 1.605 Thread 0x00007f525c00a000 Exception <a 'java/lang/NullPointerException'> (0x00000000eeb5c828) thrown at [/tmp/buildd/openjdk-8-8u121-b13/src/hotspot/src/share/vm/interpreter/linkResolver.cpp, line 1178]
Event: 1.605 Thread 0x00007f525c00a000 Exception <a 'java/lang/NullPointerException'> (0x00000000eeb5cc28) thrown at [/tmp/buildd/openjdk-8-8u121-b13/src/hotspot/src/share/vm/interpreter/linkResolver.cpp, line 1178]
Event: 1.631 Thread 0x00007f525c00a000 Exception <a 'java/lang/NoClassDefFoundError': org/apache/log4j/Category> (0x00000000eecc8760) thrown at [/tmp/buildd/openjdk-8-8u121-b13/src/hotspot/src/share/vm/classfile/systemDictionary.cpp, line 199]
Event: 1.821 Thread 0x00007f525c00a000 Exception <a 'java/lang/reflect/InvocationTargetException'> (0x00000000ed824128) thrown at [/tmp/buildd/openjdk-8-8u121-b13/src/hotspot/src/share/vm/runtime/reflection.cpp, line 1092]

Events (10 events):
Event: 1.911 loading class java/nio/channels/InterruptibleChannel done
Event: 1.911 loading class java/nio/channels/spi/AbstractInterruptibleChannel done
Event: 1.911 loading class java/nio/channels/FileChannel done
Event: 1.911 loading class sun/nio/ch/FileChannelImpl done
Event: 1.912 loading class java/nio/file/attribute/FileAttribute
Event: 1.912 loading class java/nio/file/attribute/FileAttribute done
Event: 1.912 loading class sun/nio/ch/IOUtil
Event: 1.912 loading class sun/nio/ch/IOUtil done
Event: 1.912 loading class sun/nio/ch/IOUtil$1
Event: 1.912 loading class sun/nio/ch/IOUtil$1 done


Dynamic libraries:
00400000-00401000 r-xp 00000000 fd:00 23320241                           /usr/lib/jvm/java-8-openjdk-amd64/jre/bin/java
00600000-00601000 r--p 00000000 fd:00 23320241                           /usr/lib/jvm/java-8-openjdk-amd64/jre/bin/java
00601000-00602000 rw-p 00001000 fd:00 23320241                           /usr/lib/jvm/java-8-openjdk-amd64/jre/bin/java
01e25000-01e46000 rw-p 00000000 00:00 0                                  [heap]
c8000000-ca580000 rw-p 00000000 00:00 0 
ca580000-ed580000 ---p 00000000 00:00 0 
ed580000-f1380000 rw-p 00000000 00:00 0 
f1380000-100000000 ---p 00000000 00:00 0 
100000000-100220000 rw-p 00000000 00:00 0 
100220000-140000000 ---p 00000000 00:00 0 
7f521c000000-7f521c021000 rw-p 00000000 00:00 0 
7f521c021000-7f5220000000 ---p 00000000 00:00 0 
7f5220000000-7f5220021000 rw-p 00000000 00:00 0 
7f5220021000-7f5224000000 ---p 00000000 00:00 0 
7f5224000000-7f5224436000 rw-p 00000000 00:00 0 
7f5224436000-7f5228000000 ---p 00000000 00:00 0 
7f5228000000-7f52283f4000 rw-p 00000000 00:00 0 
7f52283f4000-7f522c000000 ---p 00000000 00:00 0 
7f522c000000-7f522c021000 rw-p 00000000 00:00 0 
7f522c021000-7f5230000000 ---p 00000000 00:00 0 
7f5230000000-7f5230021000 rw-p 00000000 00:00 0 
7f5230021000-7f5234000000 ---p 00000000 00:00 0 
7f5234000000-7f5234021000 rw-p 00000000 00:00 0 
7f5234021000-7f5238000000 ---p 00000000 00:00 0 
7f5238000000-7f5238021000 rw-p 00000000 00:00 0 
7f5238021000-7f523c000000 ---p 00000000 00:00 0 
7f523c000000-7f523c021000 rw-p 00000000 00:00 0 
7f523c021000-7f5240000000 ---p 00000000 00:00 0 
7f5244000000-7f5244021000 rw-p 00000000 00:00 0 
7f5244021000-7f5248000000 ---p 00000000 00:00 0 
7f52492eb000-7f5249302000 r-xp 00000000 fd:00 56421481                   /usr/lib/jvm/java-8-openjdk-amd64/jre/lib/amd64/libnet.so
7f5249302000-7f5249501000 ---p 00017000 fd:00 56421481                   /usr/lib/jvm/java-8-openjdk-amd64/jre/lib/amd64/libnet.so
7f5249501000-7f5249502000 r--p 00016000 fd:00 56421481                   /usr/lib/jvm/java-8-openjdk-amd64/jre/lib/amd64/libnet.so
7f5249502000-7f5249503000 rw-p 00017000 fd:00 56421481                   /usr/lib/jvm/java-8-openjdk-amd64/jre/lib/amd64/libnet.so
7f5249503000-7f52495c3000 rw-p 00000000 00:00 0 
7f52495c3000-7f5249703000 ---p 00000000 00:00 0 
7f5249703000-7f524972b000 r-xp 00000000 fd:00 56421487                   /usr/lib/jvm/java-8-openjdk-amd64/jre/lib/amd64/libsunec.so
7f524972b000-7f524992b000 ---p 00028000 fd:00 56421487                   /usr/lib/jvm/java-8-openjdk-amd64/jre/lib/amd64/libsunec.so
7f524992b000-7f524992f000 r--p 00028000 fd:00 56421487                   /usr/lib/jvm/java-8-openjdk-amd64/jre/lib/amd64/libsunec.so
7f524992f000-7f5249931000 rw-p 0002c000 fd:00 56421487                   /usr/lib/jvm/java-8-openjdk-amd64/jre/lib/amd64/libsunec.so
7f52499d2000-7f52499d3000 rw-p 00000000 00:00 0 
7f52499d3000-7f52499d6000 r--s 00015000 fd:00 40042902                   /usr/lib/jvm/java-8-openjdk-amd64/jre/lib/jce.jar
7f52499d6000-7f5249bd6000 rw-p 00000000 00:00 0 
7f5249bd6000-7f5249bda000 r--s 0009a000 fd:00 40042904                   /usr/lib/jvm/java-8-openjdk-amd64/jre/lib/jsse.jar
7f5249bda000-7f5249dda000 rw-p 00000000 00:00 0 
7f5249dda000-7f5249fda000 rw-p 00000000 00:00 0 
7f5249fda000-7f5249fdd000 r--s 0000b000 fd:00 56422422                   /usr/share/maven/lib/wagon-provider-api-2.10.jar
7f5249fdd000-7f5249fde000 r--s 00002000 fd:00 56551718                   /usr/share/maven/lib/wagon-http-shared-2.10.jar
7f5249fde000-7f524a00c000 r--s 001fa000 fd:00 56422419                   /usr/share/maven/lib/wagon-http-2.10-shaded.jar
7f524a00c000-7f524a00d000 r--s 00002000 fd:00 56422417                   /usr/share/maven/lib/wagon-file-2.10.jar
7f524a00d000-7f524a00e000 r--s 00002000 fd:00 56422415                   /usr/share/maven/lib/slf4j-simple-1.7.5.jar
7f524a00e000-7f524a010000 r--s 00005000 fd:00 56422413                   /usr/share/maven/lib/slf4j-api-1.7.5.jar
7f524a010000-7f524a014000 r--s 00038000 fd:00 56422412                   /usr/share/maven/lib/plexus-utils-3.0.22.jar
7f524a014000-7f524a015000 r--s 00006000 fd:00 56422410                   /usr/share/maven/lib/plexus-sec-dispatcher-1.3.jar
7f524a015000-7f524a018000 r--s 0000d000 fd:00 56422409                   /usr/share/maven/lib/plexus-interpolation-1.21.jar
7f524a018000-7f524a01a000 r--s 00000000 fd:00 56422408                   /usr/share/maven/lib/plexus-component-annotations-1.6.jar
7f524a01a000-7f524a01c000 r--s 00002000 fd:00 56422406                   /usr/share/maven/lib/plexus-cipher-1.7.jar
7f524a01c000-7f524a022000 r--s 0002d000 fd:00 56422404                   /usr/share/maven/lib/org.eclipse.sisu.plexus-0.3.2.jar
7f524a022000-7f524a02a000 r--s 00055000 fd:00 56422402                   /usr/share/maven/lib/org.eclipse.sisu.inject-0.3.2.jar
7f524a02a000-7f524a02c000 r--s 00009000 fd:00 57213503                   /usr/share/maven/lib/maven-settings-builder-3.3.9.jar
7f524a02c000-7f524a02d000 r--s 0000a000 fd:00 57213502                   /usr/share/maven/lib/maven-settings-3.3.9.jar
7f524a02d000-7f524a02e000 r--s 00006000 fd:00 57213500                   /usr/share/maven/lib/maven-repository-metadata-3.3.9.jar
7f524a02e000-7f524a030000 r--s 0000a000 fd:00 57213498                   /usr/share/maven/lib/maven-plugin-api-3.3.9.jar
7f524a030000-7f524a035000 r--s 00027000 fd:00 57213495                   /usr/share/maven/lib/maven-model-builder-3.3.9.jar
7f524a035000-7f524a038000 r--s 00026000 fd:00 57213494                   /usr/share/maven/lib/maven-model-3.3.9.jar
7f524a038000-7f524a03b000 r--s 00013000 fd:00 57213492                   /usr/share/maven/lib/maven-embedder-3.3.9.jar
7f524a03b000-7f524a048000 r--s 0008f000 fd:00 57213490                   /usr/share/maven/lib/maven-core-3.3.9.jar
7f524a048000-7f524a04e000 r--s 00041000 fd:00 57213488                   /usr/share/maven/lib/maven-compat-3.3.9.jar
7f524a04e000-7f524a04f000 r--s 00003000 fd:00 57213486                   /usr/share/maven/lib/maven-builder-support-3.3.9.jar
7f524a04f000-7f524a051000 r--s 0000c000 fd:00 57213484                   /usr/share/maven/lib/maven-artifact-3.3.9.jar
7f524a051000-7f524a053000 r--s 0000f000 fd:00 57213482                   /usr/share/maven/lib/maven-aether-provider-3.3.9.jar
7f524a053000-7f524a054000 r--s 00001000 fd:00 57213480                   /usr/share/maven/lib/jsr250-api-1.0.jar
7f524a054000-7f524a05a000 r--s 00042000 fd:00 57213478                   /usr/share/maven/lib/jsoup-1.7.2.jar
7f524a05a000-7f524a05b000 r--s 00000000 fd:00 57213477                   /usr/share/maven/lib/javax.inject-1.jar
7f524a05b000-7f524a064000 r--s 0005f000 fd:00 57213476                   /usr/share/maven/lib/guice-4.0-no_aop.jar
7f524a064000-7f524a08f000 r--s 001fc000 fd:00 57213475                   /usr/share/maven/lib/guava-18.0.jar
7f524a08f000-7f524a096000 r--s 00064000 fd:00 57213473                   /usr/share/maven/lib/commons-lang3-3.4.jar
7f524a096000-7f524a09b000 r--s 00041000 fd:00 57213472                   /usr/share/maven/lib/commons-lang-2.6.jar
7f524a09b000-7f524a09f000 r--s 00027000 fd:00 57213471                   /usr/share/maven/lib/commons-io-2.2.jar
7f524a09f000-7f524a0a1000 r--s 00009000 fd:00 57213470                   /usr/share/maven/lib/commons-cli-1.2.jar
7f524a0a1000-7f524a0a4000 r--s 00008000 fd:00 57213468                   /usr/share/maven/lib/cdi-api-1.0.jar
7f524a0a4000-7f524a0a6000 r--s 00000000 fd:00 57213467                   /usr/share/maven/lib/aopalliance-1.0.jar
7f524a0a6000-7f524a0aa000 r--s 00020000 fd:00 57213465                   /usr/share/maven/lib/aether-util-1.0.2.v20150114.jar
7f524a0aa000-7f524a0ac000 r--s 00005000 fd:00 57213463                   /usr/share/maven/lib/aether-transport-wagon-1.0.2.v20150114.jar
7f524a0ac000-7f524a0ae000 r--s 00006000 fd:00 57213461                   /usr/share/maven/lib/aether-spi-1.0.2.v20150114.jar
7f524a0ae000-7f524a0b2000 r--s 00027000 fd:00 57213459                   /usr/share/maven/lib/aether-impl-1.0.2.v20150114.jar
7f524a0b2000-7f524a0b3000 r--s 00008000 fd:00 57213457                   /usr/share/maven/lib/aether-connector-basic-1.0.2.v20150114.jar
7f524a0b3000-7f524a0b8000 r--s 0001d000 fd:00 57213455                   /usr/share/maven/lib/aether-api-1.0.2.v20150114.jar
7f524a0b8000-7f524a0bc000 r--s 00037000 fd:00 56421502                   /usr/lib/jvm/java-8-openjdk-amd64/jre/lib/ext/sunpkcs11.jar
7f524a0bc000-7f524a0c1000 r--s 0003b000 fd:00 56421501                   /usr/lib/jvm/java-8-openjdk-amd64/jre/lib/ext/sunjce_provider.jar
7f524a0c1000-7f524a0dc000 r--s 001d6000 fd:00 56421499                   /usr/lib/jvm/java-8-openjdk-amd64/jre/lib/ext/nashorn.jar
7f524a0dc000-7f524a0f7000 r--s 00394000 fd:00 56421492                   /usr/lib/jvm/java-8-openjdk-amd64/jre/lib/ext/cldrdata.jar
7f524a0f7000-7f524a0f8000 ---p 00000000 00:00 0 
7f524a0f8000-7f524a1f8000 rw-p 00000000 00:00 0 
7f524a1f8000-7f524a1fb000 ---p 00000000 00:00 0 
7f524a1fb000-7f524a2f9000 rw-p 00000000 00:00 0 
7f524a2f9000-7f524a2fc000 ---p 00000000 00:00 0 
7f524a2fc000-7f524a3fa000 rw-p 00000000 00:00 0 
7f524a3fa000-7f524a3fd000 ---p 00000000 00:00 0 
7f524a3fd000-7f524a4fb000 rw-p 00000000 00:00 0 
7f524a4fb000-7f524a4fe000 ---p 00000000 00:00 0 
7f524a4fe000-7f524a5fc000 rw-p 00000000 00:00 0 
7f524a5fc000-7f524a622000 r--p 00000000 fd:00 39917302                   /usr/lib/locale/C.UTF-8/LC_CTYPE
7f524a622000-7f524a791000 r--p 00000000 fd:00 39917301                   /usr/lib/locale/C.UTF-8/LC_COLLATE
7f524a791000-7f524a794000 ---p 00000000 00:00 0 
7f524a794000-7f524a892000 rw-p 00000000 00:00 0 
7f524a892000-7f524a895000 ---p 00000000 00:00 0 
7f524a895000-7f524a993000 rw-p 00000000 00:00 0 
7f524a993000-7f524a994000 ---p 00000000 00:00 0 
7f524a994000-7f524d000000 rw-p 00000000 00:00 0 
7f524d000000-7f524d580000 rwxp 00000000 00:00 0 
7f524d580000-7f525c000000 ---p 00000000 00:00 0 
7f525c000000-7f525c8ef000 rw-p 00000000 00:00 0 
7f525c8ef000-7f5260000000 ---p 00000000 00:00 0 
7f5260000000-7f5260002000 r--s 0000b000 fd:00 6841584                    /usr/share/maven/boot/plexus-classworlds-2.5.2.jar
7f5260002000-7f5260003000 r--s 00010000 fd:00 56421503                   /usr/lib/jvm/java-8-openjdk-amd64/jre/lib/ext/zipfs.jar
7f5260003000-7f5260005000 r--s 00008000 fd:00 56421500                   /usr/lib/jvm/java-8-openjdk-amd64/jre/lib/ext/sunec.jar
7f5260005000-7f526000f000 r--s 00116000 fd:00 56421498                   /usr/lib/jvm/java-8-openjdk-amd64/jre/lib/ext/localedata.jar
7f526000f000-7f5260011000 r--s 00006000 fd:00 57211590                   /usr/share/java/java-atk-wrapper.jar
7f5260011000-7f5260012000 r--s 0000a000 fd:00 56421495                   /usr/lib/jvm/java-8-openjdk-amd64/jre/lib/ext/jaccess.jar
7f5260012000-7f5260015000 r--s 0000f000 fd:00 56421494                   /usr/lib/jvm/java-8-openjdk-amd64/jre/lib/ext/icedtea-sound.jar
7f5260015000-7f5260017000 r--s 00001000 fd:00 56421493                   /usr/lib/jvm/java-8-openjdk-amd64/jre/lib/ext/dnsns.jar
7f5260017000-7f5260018000 r--p 00000000 fd:00 39917307                   /usr/lib/locale/C.UTF-8/LC_NUMERIC
7f5260018000-7f5260019000 r--p 00000000 fd:00 39917310                   /usr/lib/locale/C.UTF-8/LC_TIME
7f5260019000-7f526001a000 r--p 00000000 fd:00 39917305                   /usr/lib/locale/C.UTF-8/LC_MONETARY
7f526001a000-7f526001b000 r--p 00000000 fd:00 56431911                   /usr/lib/locale/C.UTF-8/LC_MESSAGES/SYS_LC_MESSAGES
7f526001b000-7f526001c000 r--p 00000000 fd:00 39917308                   /usr/lib/locale/C.UTF-8/LC_PAPER
7f526001c000-7f52601ea000 r--s 03c06000 fd:00 40042918                   /usr/lib/jvm/java-8-openjdk-amd64/jre/lib/rt.jar
7f52601ea000-7f5260c20000 rw-p 00000000 00:00 0 
7f5260c20000-7f5260c21000 ---p 00000000 00:00 0 
7f5260c21000-7f5260d21000 rw-p 00000000 00:00 0 
7f5260d21000-7f5260d22000 ---p 00000000 00:00 0 
7f5260d22000-7f5260e35000 rw-p 00000000 00:00 0 
7f5260e35000-7f5260f4d000 ---p 00000000 00:00 0 
7f5260f4d000-7f5260f60000 rw-p 00000000 00:00 0 
7f5260f60000-7f5261077000 ---p 00000000 00:00 0 
7f5261077000-7f5261097000 rw-p 00000000 00:00 0 
7f5261097000-7f526110d000 ---p 00000000 00:00 0 
7f526110d000-7f5261124000 rw-p 00000000 00:00 0 
7f5261124000-7f52614ce000 ---p 00000000 00:00 0 
7f52614ce000-7f52614d6000 r-xp 00000000 fd:00 56421490                   /usr/lib/jvm/java-8-openjdk-amd64/jre/lib/amd64/libzip.so
7f52614d6000-7f52616d5000 ---p 00008000 fd:00 56421490                   /usr/lib/jvm/java-8-openjdk-amd64/jre/lib/amd64/libzip.so
7f52616d5000-7f52616d6000 r--p 00007000 fd:00 56421490                   /usr/lib/jvm/java-8-openjdk-amd64/jre/lib/amd64/libzip.so
7f52616d6000-7f52616d7000 rw-p 00008000 fd:00 56421490                   /usr/lib/jvm/java-8-openjdk-amd64/jre/lib/amd64/libzip.so
7f52616d7000-7f52616e2000 r-xp 00000000 fd:00 23174604                   /lib/x86_64-linux-gnu/libnss_files-2.19.so
7f52616e2000-7f52618e1000 ---p 0000b000 fd:00 23174604                   /lib/x86_64-linux-gnu/libnss_files-2.19.so
7f52618e1000-7f52618e2000 r--p 0000a000 fd:00 23174604                   /lib/x86_64-linux-gnu/libnss_files-2.19.so
7f52618e2000-7f52618e3000 rw-p 0000b000 fd:00 23174604                   /lib/x86_64-linux-gnu/libnss_files-2.19.so
7f52618e3000-7f52618ed000 r-xp 00000000 fd:00 23174608                   /lib/x86_64-linux-gnu/libnss_nis-2.19.so
7f52618ed000-7f5261aec000 ---p 0000a000 fd:00 23174608                   /lib/x86_64-linux-gnu/libnss_nis-2.19.so
7f5261aec000-7f5261aed000 r--p 00009000 fd:00 23174608                   /lib/x86_64-linux-gnu/libnss_nis-2.19.so
7f5261aed000-7f5261aee000 rw-p 0000a000 fd:00 23174608                   /lib/x86_64-linux-gnu/libnss_nis-2.19.so
7f5261aee000-7f5261b03000 r-xp 00000000 fd:00 23174598                   /lib/x86_64-linux-gnu/libnsl-2.19.so
7f5261b03000-7f5261d02000 ---p 00015000 fd:00 23174598                   /lib/x86_64-linux-gnu/libnsl-2.19.so
7f5261d02000-7f5261d03000 r--p 00014000 fd:00 23174598                   /lib/x86_64-linux-gnu/libnsl-2.19.so
7f5261d03000-7f5261d04000 rw-p 00015000 fd:00 23174598                   /lib/x86_64-linux-gnu/libnsl-2.19.so
7f5261d04000-7f5261d06000 rw-p 00000000 00:00 0 
7f5261d06000-7f5261d0d000 r-xp 00000000 fd:00 23174600                   /lib/x86_64-linux-gnu/libnss_compat-2.19.so
7f5261d0d000-7f5261f0c000 ---p 00007000 fd:00 23174600                   /lib/x86_64-linux-gnu/libnss_compat-2.19.so
7f5261f0c000-7f5261f0d000 r--p 00006000 fd:00 23174600                   /lib/x86_64-linux-gnu/libnss_compat-2.19.so
7f5261f0d000-7f5261f0e000 rw-p 00007000 fd:00 23174600                   /lib/x86_64-linux-gnu/libnss_compat-2.19.so
7f5261f0e000-7f5261f3c000 r-xp 00000000 fd:00 56421469                   /usr/lib/jvm/java-8-openjdk-amd64/jre/lib/amd64/libjava.so
7f5261f3c000-7f526213b000 ---p 0002e000 fd:00 56421469                   /usr/lib/jvm/java-8-openjdk-amd64/jre/lib/amd64/libjava.so
7f526213b000-7f526213c000 r--p 0002d000 fd:00 56421469                   /usr/lib/jvm/java-8-openjdk-amd64/jre/lib/amd64/libjava.so
7f526213c000-7f526213e000 rw-p 0002e000 fd:00 56421469                   /usr/lib/jvm/java-8-openjdk-amd64/jre/lib/amd64/libjava.so
7f526213e000-7f526214d000 r-xp 00000000 fd:00 56421489                   /usr/lib/jvm/java-8-openjdk-amd64/jre/lib/amd64/libverify.so
7f526214d000-7f526234d000 ---p 0000f000 fd:00 56421489                   /usr/lib/jvm/java-8-openjdk-amd64/jre/lib/amd64/libverify.so
7f526234d000-7f5262350000 r--p 0000f000 fd:00 56421489                   /usr/lib/jvm/java-8-openjdk-amd64/jre/lib/amd64/libverify.so
7f5262350000-7f5262351000 rw-p 00012000 fd:00 56421489                   /usr/lib/jvm/java-8-openjdk-amd64/jre/lib/amd64/libverify.so
7f5262351000-7f5262358000 r-xp 00000000 fd:00 23174629                   /lib/x86_64-linux-gnu/librt-2.19.so
7f5262358000-7f5262557000 ---p 00007000 fd:00 23174629                   /lib/x86_64-linux-gnu/librt-2.19.so
7f5262557000-7f5262558000 r--p 00006000 fd:00 23174629                   /lib/x86_64-linux-gnu/librt-2.19.so
7f5262558000-7f5262559000 rw-p 00007000 fd:00 23174629                   /lib/x86_64-linux-gnu/librt-2.19.so
7f5262559000-7f526256f000 r-xp 00000000 fd:00 23174578                   /lib/x86_64-linux-gnu/libgcc_s.so.1
7f526256f000-7f526276e000 ---p 00016000 fd:00 23174578                   /lib/x86_64-linux-gnu/libgcc_s.so.1
7f526276e000-7f526276f000 rw-p 00015000 fd:00 23174578                   /lib/x86_64-linux-gnu/libgcc_s.so.1
7f526276f000-7f526286f000 r-xp 00000000 fd:00 23174589                   /lib/x86_64-linux-gnu/libm-2.19.so
7f526286f000-7f5262a6e000 ---p 00100000 fd:00 23174589                   /lib/x86_64-linux-gnu/libm-2.19.so
7f5262a6e000-7f5262a6f000 r--p 000ff000 fd:00 23174589                   /lib/x86_64-linux-gnu/libm-2.19.so
7f5262a6f000-7f5262a70000 rw-p 00100000 fd:00 23174589                   /lib/x86_64-linux-gnu/libm-2.19.so
7f5262a70000-7f5262b5c000 r-xp 00000000 fd:00 39917409                   /usr/lib/x86_64-linux-gnu/libstdc++.so.6.0.20
7f5262b5c000-7f5262d5c000 ---p 000ec000 fd:00 39917409                   /usr/lib/x86_64-linux-gnu/libstdc++.so.6.0.20
7f5262d5c000-7f5262d64000 r--p 000ec000 fd:00 39917409                   /usr/lib/x86_64-linux-gnu/libstdc++.so.6.0.20
7f5262d64000-7f5262d66000 rw-p 000f4000 fd:00 39917409                   /usr/lib/x86_64-linux-gnu/libstdc++.so.6.0.20
7f5262d66000-7f5262d7b000 rw-p 00000000 00:00 0 
7f5262d7b000-7f5263a13000 r-xp 00000000 fd:00 23320256                   /usr/lib/jvm/java-8-openjdk-amd64/jre/lib/amd64/server/libjvm.so
7f5263a13000-7f5263c13000 ---p 00c98000 fd:00 23320256                   /usr/lib/jvm/java-8-openjdk-amd64/jre/lib/amd64/server/libjvm.so
7f5263c13000-7f5263cb6000 r--p 00c98000 fd:00 23320256                   /usr/lib/jvm/java-8-openjdk-amd64/jre/lib/amd64/server/libjvm.so
7f5263cb6000-7f5263cdf000 rw-p 00d3b000 fd:00 23320256                   /usr/lib/jvm/java-8-openjdk-amd64/jre/lib/amd64/server/libjvm.so
7f5263cdf000-7f5263d10000 rw-p 00000000 00:00 0 
7f5263d10000-7f5263eb1000 r-xp 00000000 fd:00 23174559                   /lib/x86_64-linux-gnu/libc-2.19.so
7f5263eb1000-7f52640b1000 ---p 001a1000 fd:00 23174559                   /lib/x86_64-linux-gnu/libc-2.19.so
7f52640b1000-7f52640b5000 r--p 001a1000 fd:00 23174559                   /lib/x86_64-linux-gnu/libc-2.19.so
7f52640b5000-7f52640b7000 rw-p 001a5000 fd:00 23174559                   /lib/x86_64-linux-gnu/libc-2.19.so
7f52640b7000-7f52640bb000 rw-p 00000000 00:00 0 
7f52640bb000-7f52640be000 r-xp 00000000 fd:00 23174572                   /lib/x86_64-linux-gnu/libdl-2.19.so
7f52640be000-7f52642bd000 ---p 00003000 fd:00 23174572                   /lib/x86_64-linux-gnu/libdl-2.19.so
7f52642bd000-7f52642be000 r--p 00002000 fd:00 23174572                   /lib/x86_64-linux-gnu/libdl-2.19.so
7f52642be000-7f52642bf000 rw-p 00003000 fd:00 23174572                   /lib/x86_64-linux-gnu/libdl-2.19.so
7f52642bf000-7f52642cd000 r-xp 00000000 fd:00 6740495                    /usr/lib/jvm/java-8-openjdk-amd64/jre/lib/amd64/jli/libjli.so
7f52642cd000-7f52644cc000 ---p 0000e000 fd:00 6740495                    /usr/lib/jvm/java-8-openjdk-amd64/jre/lib/amd64/jli/libjli.so
7f52644cc000-7f52644cd000 r--p 0000d000 fd:00 6740495                    /usr/lib/jvm/java-8-openjdk-amd64/jre/lib/amd64/jli/libjli.so
7f52644cd000-7f52644ce000 rw-p 0000e000 fd:00 6740495                    /usr/lib/jvm/java-8-openjdk-amd64/jre/lib/amd64/jli/libjli.so
7f52644ce000-7f52644e8000 r-xp 00000000 fd:00 23174654                   /lib/x86_64-linux-gnu/libz.so.1.2.8
7f52644e8000-7f52646e7000 ---p 0001a000 fd:00 23174654                   /lib/x86_64-linux-gnu/libz.so.1.2.8
7f52646e7000-7f52646e8000 r--p 00019000 fd:00 23174654                   /lib/x86_64-linux-gnu/libz.so.1.2.8
7f52646e8000-7f52646e9000 rw-p 0001a000 fd:00 23174654                   /lib/x86_64-linux-gnu/libz.so.1.2.8
7f52646e9000-7f5264701000 r-xp 00000000 fd:00 23174623                   /lib/x86_64-linux-gnu/libpthread-2.19.so
7f5264701000-7f5264900000 ---p 00018000 fd:00 23174623                   /lib/x86_64-linux-gnu/libpthread-2.19.so
7f5264900000-7f5264901000 r--p 00017000 fd:00 23174623                   /lib/x86_64-linux-gnu/libpthread-2.19.so
7f5264901000-7f5264902000 rw-p 00018000 fd:00 23174623                   /lib/x86_64-linux-gnu/libpthread-2.19.so
7f5264902000-7f5264906000 rw-p 00000000 00:00 0 
7f5264906000-7f5264926000 r-xp 00000000 fd:00 23174541                   /lib/x86_64-linux-gnu/ld-2.19.so
7f5264926000-7f5264927000 r--p 00000000 fd:00 39917306                   /usr/lib/locale/C.UTF-8/LC_NAME
7f5264927000-7f526492e000 r--s 00000000 fd:00 6520099                    /usr/lib/x86_64-linux-gnu/gconv/gconv-modules.cache
7f526492e000-7f5264a10000 rw-p 00000000 00:00 0 
7f5264a10000-7f5264a18000 rw-s 00000000 fd:00 6852935                    /tmp/hsperfdata_root/1
7f5264a18000-7f5264a1b000 ---p 00000000 00:00 0 
7f5264a1b000-7f5264b1e000 rw-p 00000000 00:00 0 
7f5264b1e000-7f5264b1f000 r--p 00000000 fd:00 39917300                   /usr/lib/locale/C.UTF-8/LC_ADDRESS
7f5264b1f000-7f5264b20000 r--p 00000000 fd:00 39917309                   /usr/lib/locale/C.UTF-8/LC_TELEPHONE
7f5264b20000-7f5264b21000 r--p 00000000 fd:00 39917304                   /usr/lib/locale/C.UTF-8/LC_MEASUREMENT
7f5264b21000-7f5264b22000 r--p 00000000 fd:00 39917303                   /usr/lib/locale/C.UTF-8/LC_IDENTIFICATION
7f5264b22000-7f5264b23000 rw-p 00000000 00:00 0 
7f5264b23000-7f5264b24000 r--p 00000000 00:00 0 
7f5264b24000-7f5264b26000 rw-p 00000000 00:00 0 
7f5264b26000-7f5264b27000 r--p 00020000 fd:00 23174541                   /lib/x86_64-linux-gnu/ld-2.19.so
7f5264b27000-7f5264b28000 rw-p 00021000 fd:00 23174541                   /lib/x86_64-linux-gnu/ld-2.19.so
7f5264b28000-7f5264b29000 rw-p 00000000 00:00 0 
7fff535d8000-7fff535f9000 rw-p 00000000 00:00 0                          [stack]
7fff535f9000-7fff535fd000 r--p 00000000 00:00 0                          [vvar]
7fff535fd000-7fff535ff000 r-xp 00000000 00:00 0                          [vdso]
ffffffffff600000-ffffffffff601000 --xp 00000000 00:00 0                  [vsyscall]

VM Arguments:
jvm_args: -Dclassworlds.conf=/usr/share/maven/bin/m2.conf -Dmaven.home=/usr/share/maven -Dmaven.multiModuleProjectDirectory=/app 
java_command: org.codehaus.plexus.classworlds.launcher.Launcher -B -DskipTests clean package
java_class_path (initial): /usr/share/maven/boot/plexus-classworlds-2.5.2.jar
Launcher Type: SUN_STANDARD

Environment Variables:
JAVA_HOME=/usr/lib/jvm/java-8-openjdk-amd64
PATH=/usr/local/sbin:/usr/local/bin:/usr/sbin:/usr/bin:/sbin:/bin

Signal Handlers:
SIGSEGV: [libjvm.so+0xa97af0], sa_mask[0]=11111111011111111101111111111110, sa_flags=SA_RESTART|SA_SIGINFO
SIGBUS: [libjvm.so+0xa97af0], sa_mask[0]=11111111011111111101111111111110, sa_flags=SA_RESTART|SA_SIGINFO
SIGFPE: [libjvm.so+0x8de430], sa_mask[0]=11111111011111111101111111111110, sa_flags=SA_RESTART|SA_SIGINFO
SIGPIPE: [libjvm.so+0x8de430], sa_mask[0]=11111111011111111101111111111110, sa_flags=SA_RESTART|SA_SIGINFO
SIGXFSZ: [libjvm.so+0x8de430], sa_mask[0]=11111111011111111101111111111110, sa_flags=SA_RESTART|SA_SIGINFO
SIGILL: [libjvm.so+0x8de430], sa_mask[0]=11111111011111111101111111111110, sa_flags=SA_RESTART|SA_SIGINFO
SIGUSR1: SIG_DFL, sa_mask[0]=00000000000000000000000000000000, sa_flags=none
SIGUSR2: [libjvm.so+0x8de2e0], sa_mask[0]=00000000000000000000000000000000, sa_flags=SA_RESTART|SA_SIGINFO
SIGHUP: [libjvm.so+0x8de500], sa_mask[0]=11111111011111111101111111111110, sa_flags=SA_RESTART|SA_SIGINFO
SIGINT: [libjvm.so+0x8de500], sa_mask[0]=11111111011111111101111111111110, sa_flags=SA_RESTART|SA_SIGINFO
SIGTERM: [libjvm.so+0x8de500], sa_mask[0]=11111111011111111101111111111110, sa_flags=SA_RESTART|SA_SIGINFO
SIGQUIT: [libjvm.so+0x8de500], sa_mask[0]=11111111011111111101111111111110, sa_flags=SA_RESTART|SA_SIGINFO


---------------  S Y S T E M  ---------------

OS:PRETTY_NAME="Debian GNU/Linux 8 (jessie)"
NAME="Debian GNU/Linux"
VERSION_ID="8"
VERSION="8 (jessie)"
ID=debian
HOME_URL="http://www.debian.org/"
SUPPORT_URL="http://www.debian.org/support"
BUG_REPORT_URL="https://bugs.debian.org/"

uname:Linux 5.14.0-427.26.1.el9_4.x86_64 #1 SMP PREEMPT_DYNAMIC Wed Jul 17 15:51:13 EDT 2024 x86_64
libc:glibc 2.19 NPTL 2.19 
rlimit: STACK 8192k, CORE infinity, NPROC infinity, NOFILE 1073741816, AS infinity
load average:0.81 0.42 0.34

/proc/meminfo:
MemTotal:        3665496 kB
MemFree:          107052 kB
MemAvailable:    2040596 kB
Buffers:            2708 kB
Cached:          1993976 kB
SwapCached:            0 kB
Active:          1236524 kB
Inactive:        1640036 kB
Active(anon):     729016 kB
Inactive(anon):   161808 kB
Active(file):     507508 kB
Inactive(file):  1478228 kB
Unevictable:           0 kB
Mlocked:               0 kB
SwapTotal:       3145724 kB
SwapFree:        3145724 kB
Zswap:                 0 kB
Zswapped:              0 kB
Dirty:               140 kB
Writeback:             0 kB
AnonPages:        869576 kB
Mapped:           244564 kB
Shmem:             10948 kB
KReclaimable:     235668 kB
Slab:             364308 kB
SReclaimable:     235668 kB
SUnreclaim:       128640 kB
KernelStack:        7648 kB
PageTables:         6644 kB
SecPageTables:         0 kB
NFS_Unstable:          0 kB
Bounce:                0 kB
WritebackTmp:          0 kB
CommitLimit:     4978472 kB
Committed_AS:    2188616 kB
VmallocTotal:   34359738367 kB
VmallocUsed:       59800 kB
VmallocChunk:          0 kB
Percpu:            55296 kB
HardwareCorrupted:     0 kB
AnonHugePages:    591872 kB
ShmemHugePages:        0 kB
ShmemPmdMapped:        0 kB
FileHugePages:         0 kB
FilePmdMapped:         0 kB
CmaTotal:              0 kB
CmaFree:               0 kB
Unaccepted:            0 kB
HugePages_Total:       0
HugePages_Free:        0
HugePages_Rsvd:        0
HugePages_Surp:        0
Hugepagesize:       2048 kB
Hugetlb:               0 kB
DirectMap4k:      165696 kB
DirectMap2M:     3979264 kB
DirectMap1G:           0 kB


CPU:total 2 (1 cores per cpu, 1 threads per core) family 6 model 78 stepping 3, cmov, cx8, fxsr, mmx, sse, sse2, sse3, ssse3, sse4.1, sse4.2, popcnt, avx, avx2, aes, clmul, erms, 3dnowpref, lzcnt, tsc, tscinvbit, bmi1, bmi2, adx

/proc/cpuinfo:
processor	: 0
vendor_id	: GenuineIntel
cpu family	: 6
model		: 78
model name	: Intel(R) Core(TM) i5-6300U CPU @ 2.40GHz
stepping	: 3
microcode	: 0xcc
cpu MHz		: 2495.997
cache size	: 3072 KB
physical id	: 0
siblings	: 1
core id		: 0
cpu cores	: 1
apicid		: 0
initial apicid	: 0
fpu		: yes
fpu_exception	: yes
cpuid level	: 22
wp		: yes
flags		: fpu vme de pse tsc msr pae mce cx8 apic sep mtrr pge mca cmov pat pse36 clflush mmx fxsr sse sse2 ss syscall nx pdpe1gb rdtscp lm constant_tsc arch_perfmon nopl xtopology tsc_reliable nonstop_tsc cpuid tsc_known_freq pni pclmulqdq ssse3 fma cx16 pcid sse4_1 sse4_2 x2apic movbe popcnt tsc_deadline_timer aes xsave avx f16c rdrand hypervisor lahf_lm abm 3dnowprefetch pti ssbd ibrs ibpb stibp fsgsbase tsc_adjust bmi1 avx2 smep bmi2 invpcid rdseed adx smap clflushopt xsaveopt xsavec xgetbv1 xsaves arat md_clear flush_l1d arch_capabilities
bugs		: cpu_meltdown spectre_v1 spectre_v2 spec_store_bypass l1tf mds swapgs itlb_multihit srbds mmio_stale_data retbleed gds
bogomips	: 4991.99
clflush size	: 64
cache_alignment	: 64
address sizes	: 45 bits physical, 48 bits virtual
power management:

processor	: 1
vendor_id	: GenuineIntel
cpu family	: 6
model		: 78
model name	: Intel(R) Core(TM) i5-6300U CPU @ 2.40GHz
stepping	: 3
microcode	: 0xcc
cpu MHz		: 2495.997
cache size	: 3072 KB
physical id	: 2
siblings	: 1
core id		: 0
cpu cores	: 1
apicid		: 2
initial apicid	: 2
fpu		: yes
fpu_exception	: yes
cpuid level	: 22
wp		: yes
flags		: fpu vme de pse tsc msr pae mce cx8 apic sep mtrr pge mca cmov pat pse36 clflush mmx fxsr sse sse2 ss syscall nx pdpe1gb rdtscp lm constant_tsc arch_perfmon nopl xtopology tsc_reliable nonstop_tsc cpuid tsc_known_freq pni pclmulqdq ssse3 fma cx16 pcid sse4_1 sse4_2 x2apic movbe popcnt tsc_deadline_timer aes xsave avx f16c rdrand hypervisor lahf_lm abm 3dnowprefetch pti ssbd ibrs ibpb stibp fsgsbase tsc_adjust bmi1 avx2 smep bmi2 invpcid rdseed adx smap clflushopt xsaveopt xsavec xgetbv1 xsaves arat md_clear flush_l1d arch_capabilities
bugs		: cpu_meltdown spectre_v1 spectre_v2 spec_store_bypass l1tf mds swapgs itlb_multihit srbds mmio_stale_data retbleed gds
bogomips	: 4991.99
clflush size	: 64
cache_alignment	: 64
address sizes	: 45 bits physical, 48 bits virtual
power management:



Memory: 4k page, physical 3665496k(107052k free), swap 3145724k(3145724k free)

vm_info: OpenJDK 64-Bit Server VM (25.121-b13) for linux-amd64 JRE (1.8.0_121-8u121-b13-1~bpo8+1-b13), built on Jan 24 2017 09:37:46 by "pbuilder" with gcc 4.9.2

time: Sat Jul 27 11:39:09 2024
elapsed time: 1 seconds (0d 0h 0m 1s)

